Determining if the pthread_create exist failed with the following output:
Change Dir: /root/projects/SFND_Unscented_Kalman_Filter/build/CMakeFiles/CMakeTmp

Run Build Command:"/usr/bin/make" "cmTC_a99b8/fast"
/usr/bin/make -f CMakeFiles/cmTC_a99b8.dir/build.make CMakeFiles/cmTC_a99b8.dir/build
make[1]: Entering directory '/root/projects/SFND_Unscented_Kalman_Filter/build/CMakeFiles/CMakeTmp'
Building C object CMakeFiles/cmTC_a99b8.dir/CheckSymbolExists.c.o
/usr/bin/gcc-5     -o CMakeFiles/cmTC_a99b8.dir/CheckSymbolExists.c.o   -c /root/projects/SFND_Unscented_Kalman_Filter/build/CMakeFiles/CMakeTmp/CheckSymbolExists.c
Linking C executable cmTC_a99b8
/usr/bin/cmake -E cmake_link_script CMakeFiles/cmTC_a99b8.dir/link.txt --verbose=1
/usr/bin/gcc-5       CMakeFiles/cmTC_a99b8.dir/CheckSymbolExists.c.o  -o cmTC_a99b8 -rdynamic 
CMakeFiles/cmTC_a99b8.dir/CheckSymbolExists.c.o: In function `main':
CheckSymbolExists.c:(.text+0x16): undefined reference to `pthread_create'
collect2: error: ld returned 1 exit status
CMakeFiles/cmTC_a99b8.dir/build.make:97: recipe for target 'cmTC_a99b8' failed
make[1]: *** [cmTC_a99b8] Error 1
make[1]: Leaving directory '/root/projects/SFND_Unscented_Kalman_Filter/build/CMakeFiles/CMakeTmp'
Makefile:126: recipe for target 'cmTC_a99b8/fast' failed
make: *** [cmTC_a99b8/fast] Error 2

File /root/projects/SFND_Unscented_Kalman_Filter/build/CMakeFiles/CMakeTmp/CheckSymbolExists.c:
/* */
#include <pthread.h>

int main(int argc, char** argv)
{
  (void)argv;
#ifndef pthread_create
  return ((int*)(&pthread_create))[argc];
#else
  (void)argc;
  return 0;
#endif
}

Determining if the function pthread_create exists in the pthreads failed with the following output:
Change Dir: /root/projects/SFND_Unscented_Kalman_Filter/build/CMakeFiles/CMakeTmp

Run Build Command:"/usr/bin/make" "cmTC_9b8cf/fast"
/usr/bin/make -f CMakeFiles/cmTC_9b8cf.dir/build.make CMakeFiles/cmTC_9b8cf.dir/build
make[1]: Entering directory '/root/projects/SFND_Unscented_Kalman_Filter/build/CMakeFiles/CMakeTmp'
Building C object CMakeFiles/cmTC_9b8cf.dir/CheckFunctionExists.c.o
/usr/bin/gcc-5    -DCHECK_FUNCTION_EXISTS=pthread_create   -o CMakeFiles/cmTC_9b8cf.dir/CheckFunctionExists.c.o   -c /usr/share/cmake-3.5/Modules/CheckFunctionExists.c
Linking C executable cmTC_9b8cf
/usr/bin/cmake -E cmake_link_script CMakeFiles/cmTC_9b8cf.dir/link.txt --verbose=1
/usr/bin/gcc-5   -DCHECK_FUNCTION_EXISTS=pthread_create    CMakeFiles/cmTC_9b8cf.dir/CheckFunctionExists.c.o  -o cmTC_9b8cf -rdynamic -lpthreads 
/usr/bin/ld: cannot find -lpthreads
collect2: error: ld returned 1 exit status
CMakeFiles/cmTC_9b8cf.dir/build.make:97: recipe for target 'cmTC_9b8cf' failed
make[1]: *** [cmTC_9b8cf] Error 1
make[1]: Leaving directory '/root/projects/SFND_Unscented_Kalman_Filter/build/CMakeFiles/CMakeTmp'
Makefile:126: recipe for target 'cmTC_9b8cf/fast' failed
make: *** [cmTC_9b8cf/fast] Error 2


